{"total": {"lines":{"total":166,"covered":48,"skipped":0,"pct":28.91},"statements":{"total":241,"covered":59,"skipped":0,"pct":24.48},"functions":{"total":48,"covered":14,"skipped":0,"pct":29.16},"branches":{"total":261,"covered":26,"skipped":0,"pct":9.96},"branchesTrue":{"total":0,"covered":0,"skipped":0,"pct":100}}
,"/Users/alexanderspies/source/javascript/ng-prism/test-workspace/projects/test-lib/src/lib/components/alert/alert.component.ts": {"lines":{"total":14,"covered":13,"skipped":0,"pct":92.85},"functions":{"total":4,"covered":4,"skipped":0,"pct":100},"statements":{"total":19,"covered":15,"skipped":0,"pct":78.94},"branches":{"total":19,"covered":5,"skipped":0,"pct":26.31}}
,"/Users/alexanderspies/source/javascript/ng-prism/test-workspace/projects/test-lib/src/lib/components/avatar/avatar.component.ts": {"lines":{"total":13,"covered":0,"skipped":0,"pct":0},"functions":{"total":5,"covered":0,"skipped":0,"pct":0},"statements":{"total":20,"covered":0,"skipped":0,"pct":0},"branches":{"total":21,"covered":0,"skipped":0,"pct":0}}
,"/Users/alexanderspies/source/javascript/ng-prism/test-workspace/projects/test-lib/src/lib/components/badge/badge.component.ts": {"lines":{"total":8,"covered":4,"skipped":0,"pct":50},"functions":{"total":3,"covered":1,"skipped":0,"pct":33.33},"statements":{"total":14,"covered":6,"skipped":0,"pct":42.85},"branches":{"total":19,"covered":5,"skipped":0,"pct":26.31}}
,"/Users/alexanderspies/source/javascript/ng-prism/test-workspace/projects/test-lib/src/lib/components/button/button.component.ts": {"lines":{"total":11,"covered":10,"skipped":0,"pct":90.9},"functions":{"total":2,"covered":2,"skipped":0,"pct":100},"statements":{"total":16,"covered":12,"skipped":0,"pct":75},"branches":{"total":19,"covered":5,"skipped":0,"pct":26.31}}
,"/Users/alexanderspies/source/javascript/ng-prism/test-workspace/projects/test-lib/src/lib/components/card/card.component.ts": {"lines":{"total":13,"covered":0,"skipped":0,"pct":0},"functions":{"total":3,"covered":0,"skipped":0,"pct":0},"statements":{"total":18,"covered":0,"skipped":0,"pct":0},"branches":{"total":21,"covered":0,"skipped":0,"pct":0}}
,"/Users/alexanderspies/source/javascript/ng-prism/test-workspace/projects/test-lib/src/lib/components/chip/chip.component.ts": {"lines":{"total":12,"covered":0,"skipped":0,"pct":0},"functions":{"total":3,"covered":0,"skipped":0,"pct":0},"statements":{"total":17,"covered":0,"skipped":0,"pct":0},"branches":{"total":21,"covered":0,"skipped":0,"pct":0}}
,"/Users/alexanderspies/source/javascript/ng-prism/test-workspace/projects/test-lib/src/lib/components/progress-bar/progress-bar.component.ts": {"lines":{"total":11,"covered":10,"skipped":0,"pct":90.9},"functions":{"total":4,"covered":4,"skipped":0,"pct":100},"statements":{"total":17,"covered":13,"skipped":0,"pct":76.47},"branches":{"total":19,"covered":5,"skipped":0,"pct":26.31}}
,"/Users/alexanderspies/source/javascript/ng-prism/test-workspace/projects/test-lib/src/lib/components/slider/slider.component.ts": {"lines":{"total":20,"covered":0,"skipped":0,"pct":0},"functions":{"total":5,"covered":0,"skipped":0,"pct":0},"statements":{"total":26,"covered":0,"skipped":0,"pct":0},"branches":{"total":19,"covered":0,"skipped":0,"pct":0}}
,"/Users/alexanderspies/source/javascript/ng-prism/test-workspace/projects/test-lib/src/lib/components/spinner/spinner.component.ts": {"lines":{"total":8,"covered":0,"skipped":0,"pct":0},"functions":{"total":2,"covered":0,"skipped":0,"pct":0},"statements":{"total":13,"covered":0,"skipped":0,"pct":0},"branches":{"total":19,"covered":0,"skipped":0,"pct":0}}
,"/Users/alexanderspies/source/javascript/ng-prism/test-workspace/projects/test-lib/src/lib/components/tabs/tabs.component.ts": {"lines":{"total":12,"covered":0,"skipped":0,"pct":0},"functions":{"total":4,"covered":0,"skipped":0,"pct":0},"statements":{"total":19,"covered":0,"skipped":0,"pct":0},"branches":{"total":23,"covered":0,"skipped":0,"pct":0}}
,"/Users/alexanderspies/source/javascript/ng-prism/test-workspace/projects/test-lib/src/lib/components/textarea/textarea.component.ts": {"lines":{"total":21,"covered":0,"skipped":0,"pct":0},"functions":{"total":6,"covered":0,"skipped":0,"pct":0},"statements":{"total":28,"covered":0,"skipped":0,"pct":0},"branches":{"total":21,"covered":0,"skipped":0,"pct":0}}
,"/Users/alexanderspies/source/javascript/ng-prism/test-workspace/projects/test-lib/src/lib/components/toggle/toggle.component.ts": {"lines":{"total":12,"covered":11,"skipped":0,"pct":91.66},"functions":{"total":3,"covered":3,"skipped":0,"pct":100},"statements":{"total":18,"covered":13,"skipped":0,"pct":72.22},"branches":{"total":21,"covered":6,"skipped":0,"pct":28.57}}
,"/Users/alexanderspies/source/javascript/ng-prism/test-workspace/projects/test-lib/src/lib/components/tooltip/tooltip.component.ts": {"lines":{"total":11,"covered":0,"skipped":0,"pct":0},"functions":{"total":4,"covered":0,"skipped":0,"pct":0},"statements":{"total":16,"covered":0,"skipped":0,"pct":0},"branches":{"total":19,"covered":0,"skipped":0,"pct":0}}
}
