{"total": {"lines":{"total":175,"covered":111,"skipped":0,"pct":63.42},"statements":{"total":255,"covered":150,"skipped":0,"pct":58.82},"functions":{"total":50,"covered":28,"skipped":0,"pct":56},"branches":{"total":280,"covered":89,"skipped":0,"pct":31.78},"branchesTrue":{"total":0,"covered":0,"skipped":0,"pct":100}}
,"/Users/alexanderspies/source/javascript/ng-prism/test-workspace/projects/test-lib/src/lib/components/alert/alert.component.ts": {"lines":{"total":14,"covered":14,"skipped":0,"pct":100},"functions":{"total":4,"covered":4,"skipped":0,"pct":100},"statements":{"total":19,"covered":18,"skipped":0,"pct":94.73},"branches":{"total":19,"covered":9,"skipped":0,"pct":47.36}}
,"/Users/alexanderspies/source/javascript/ng-prism/test-workspace/projects/test-lib/src/lib/components/avatar/avatar.component.ts": {"lines":{"total":13,"covered":0,"skipped":0,"pct":0},"functions":{"total":5,"covered":0,"skipped":0,"pct":0},"statements":{"total":20,"covered":0,"skipped":0,"pct":0},"branches":{"total":21,"covered":0,"skipped":0,"pct":0}}
,"/Users/alexanderspies/source/javascript/ng-prism/test-workspace/projects/test-lib/src/lib/components/badge/badge.component.ts": {"lines":{"total":8,"covered":5,"skipped":0,"pct":62.5},"functions":{"total":3,"covered":1,"skipped":0,"pct":33.33},"statements":{"total":14,"covered":9,"skipped":0,"pct":64.28},"branches":{"total":19,"covered":9,"skipped":0,"pct":47.36}}
,"/Users/alexanderspies/source/javascript/ng-prism/test-workspace/projects/test-lib/src/lib/components/button/button.component.ts": {"lines":{"total":12,"covered":12,"skipped":0,"pct":100},"functions":{"total":2,"covered":2,"skipped":0,"pct":100},"statements":{"total":17,"covered":16,"skipped":0,"pct":94.11},"branches":{"total":19,"covered":9,"skipped":0,"pct":47.36}}
,"/Users/alexanderspies/source/javascript/ng-prism/test-workspace/projects/test-lib/src/lib/components/card/card.component.ts": {"lines":{"total":13,"covered":13,"skipped":0,"pct":100},"functions":{"total":3,"covered":3,"skipped":0,"pct":100},"statements":{"total":18,"covered":17,"skipped":0,"pct":94.44},"branches":{"total":21,"covered":11,"skipped":0,"pct":52.38}}
,"/Users/alexanderspies/source/javascript/ng-prism/test-workspace/projects/test-lib/src/lib/components/chip/chip.component.ts": {"lines":{"total":12,"covered":12,"skipped":0,"pct":100},"functions":{"total":3,"covered":3,"skipped":0,"pct":100},"statements":{"total":17,"covered":16,"skipped":0,"pct":94.11},"branches":{"total":21,"covered":11,"skipped":0,"pct":52.38}}
,"/Users/alexanderspies/source/javascript/ng-prism/test-workspace/projects/test-lib/src/lib/components/divider/divider.component.ts": {"lines":{"total":8,"covered":0,"skipped":0,"pct":0},"functions":{"total":2,"covered":0,"skipped":0,"pct":0},"statements":{"total":13,"covered":0,"skipped":0,"pct":0},"branches":{"total":19,"covered":0,"skipped":0,"pct":0}}
,"/Users/alexanderspies/source/javascript/ng-prism/test-workspace/projects/test-lib/src/lib/components/progress-bar/progress-bar.component.ts": {"lines":{"total":11,"covered":11,"skipped":0,"pct":100},"functions":{"total":4,"covered":4,"skipped":0,"pct":100},"statements":{"total":17,"covered":16,"skipped":0,"pct":94.11},"branches":{"total":19,"covered":9,"skipped":0,"pct":47.36}}
,"/Users/alexanderspies/source/javascript/ng-prism/test-workspace/projects/test-lib/src/lib/components/slider/slider.component.ts": {"lines":{"total":20,"covered":20,"skipped":0,"pct":100},"functions":{"total":5,"covered":4,"skipped":0,"pct":80},"statements":{"total":26,"covered":24,"skipped":0,"pct":92.3},"branches":{"total":19,"covered":9,"skipped":0,"pct":47.36}}
,"/Users/alexanderspies/source/javascript/ng-prism/test-workspace/projects/test-lib/src/lib/components/spinner/spinner.component.ts": {"lines":{"total":8,"covered":0,"skipped":0,"pct":0},"functions":{"total":2,"covered":0,"skipped":0,"pct":0},"statements":{"total":13,"covered":0,"skipped":0,"pct":0},"branches":{"total":19,"covered":0,"skipped":0,"pct":0}}
,"/Users/alexanderspies/source/javascript/ng-prism/test-workspace/projects/test-lib/src/lib/components/tabs/tabs.component.ts": {"lines":{"total":12,"covered":12,"skipped":0,"pct":100},"functions":{"total":4,"covered":4,"skipped":0,"pct":100},"statements":{"total":19,"covered":18,"skipped":0,"pct":94.73},"branches":{"total":23,"covered":12,"skipped":0,"pct":52.17}}
,"/Users/alexanderspies/source/javascript/ng-prism/test-workspace/projects/test-lib/src/lib/components/textarea/textarea.component.ts": {"lines":{"total":21,"covered":0,"skipped":0,"pct":0},"functions":{"total":6,"covered":0,"skipped":0,"pct":0},"statements":{"total":28,"covered":0,"skipped":0,"pct":0},"branches":{"total":21,"covered":0,"skipped":0,"pct":0}}
,"/Users/alexanderspies/source/javascript/ng-prism/test-workspace/projects/test-lib/src/lib/components/toggle/toggle.component.ts": {"lines":{"total":12,"covered":12,"skipped":0,"pct":100},"functions":{"total":3,"covered":3,"skipped":0,"pct":100},"statements":{"total":18,"covered":16,"skipped":0,"pct":88.88},"branches":{"total":21,"covered":10,"skipped":0,"pct":47.61}}
,"/Users/alexanderspies/source/javascript/ng-prism/test-workspace/projects/test-lib/src/lib/components/tooltip/tooltip.component.ts": {"lines":{"total":11,"covered":0,"skipped":0,"pct":0},"functions":{"total":4,"covered":0,"skipped":0,"pct":0},"statements":{"total":16,"covered":0,"skipped":0,"pct":0},"branches":{"total":19,"covered":0,"skipped":0,"pct":0}}
}
